<?xml version="1.0" encoding="UTF-8"?>
<!-- Generated by org.testng.reporters.JUnitXMLReporter -->
<testsuite ignored="0" hostname="Adarsh*con-RG9M5920FF" failures="1" tests="1" name="Surefire test-2" time="30.081" errors="0" timestamp="2023-07-24T19:27:00 IST">
  <testcase classname="prodTest" name="testPodcastsPage" time="26.862">
    <failure type="org.openqa.selenium.NoSuchSessionException" message="Session ID is null. Using WebDriver after calling quit()?
Build info: version: &amp;apos;4.10.0&amp;apos;, revision: &amp;apos;c14d967899&amp;apos;
System info: os.name: &amp;apos;Mac OS X&amp;apos;, os.arch: &amp;apos;x86_64&amp;apos;, os.version: &amp;apos;13.4&amp;apos;, java.version: &amp;apos;18.0.2.1&amp;apos;
Driver info: org.openqa.selenium.chrome.ChromeDriver
Command: [null, getCurrentUrl {}]
Capabilities {appActivity: com.google.android.apps.chr..., appPackage: com.android.chrome, browserName: chrome, chromedriverPort: 18080, databaseEnabled: false, desired: {browserName: chrome, chromedriverPort: 18080, deviceName: android, goog:chromeOptions: {args: [--remote-allow-origins=*, --proxy-bypass-list=&amp;lt;-loopb..., test-type, --proxy-server=http://204.1..., --disable-features=Translate]}, newCommandTimeout: 0, platformName: Android, skipServerInstallation: true, systemPort: 8200, udid: R3CT30M99RD}, deviceApiLevel: 31, deviceManufacturer: samsung, deviceModel: SM-S908B, deviceName: R3CT30M99RD, deviceScreenDensity: 450, deviceScreenSize: 1080x2316, deviceUDID: R3CT30M99RD, goog:chromeOptions: {args: [--remote-allow-origins=*, --proxy-bypass-list=&amp;lt;-loopb..., test-type, --proxy-server=http://204.1..., --disable-features=Translate]}, javascriptEnabled: true, locationContextEnabled: false, networkConnectionEnabled: true, newCommandTimeout: 0, optimalHubUrl: hub-euw.browserstack.com, pixelRatio: 2.8125, platform: LINUX, platformName: ANDROID, platformVersion: 12, skipServerInstallation: true, statBarHeight: 75, systemPort: 8200, takesScreenshot: true, udid: R3CT30M99RD, viewportRect: {height: 2031, left: 0, top: 75, width: 1080}, warnings: {}, webStorageEnabled: false}">
      <![CDATA[org.openqa.selenium.NoSuchSessionException: Session ID is null. Using WebDriver after calling quit()?
Build info: version: '4.10.0', revision: 'c14d967899'
System info: os.name: 'Mac OS X', os.arch: 'x86_64', os.version: '13.4', java.version: '18.0.2.1'
Driver info: org.openqa.selenium.chrome.ChromeDriver
Command: [null, getCurrentUrl {}]
Capabilities {appActivity: com.google.android.apps.chr..., appPackage: com.android.chrome, browserName: chrome, chromedriverPort: 18080, databaseEnabled: false, desired: {browserName: chrome, chromedriverPort: 18080, deviceName: android, goog:chromeOptions: {args: [--remote-allow-origins=*, --proxy-bypass-list=<-loopb..., test-type, --proxy-server=http://204.1..., --disable-features=Translate]}, newCommandTimeout: 0, platformName: Android, skipServerInstallation: true, systemPort: 8200, udid: R3CT30M99RD}, deviceApiLevel: 31, deviceManufacturer: samsung, deviceModel: SM-S908B, deviceName: R3CT30M99RD, deviceScreenDensity: 450, deviceScreenSize: 1080x2316, deviceUDID: R3CT30M99RD, goog:chromeOptions: {args: [--remote-allow-origins=*, --proxy-bypass-list=<-loopb..., test-type, --proxy-server=http://204.1..., --disable-features=Translate]}, javascriptEnabled: true, locationContextEnabled: false, networkConnectionEnabled: true, newCommandTimeout: 0, optimalHubUrl: hub-euw.browserstack.com, pixelRatio: 2.8125, platform: LINUX, platformName: ANDROID, platformVersion: 12, skipServerInstallation: true, statBarHeight: 75, systemPort: 8200, takesScreenshot: true, udid: R3CT30M99RD, viewportRect: {height: 2031, left: 0, top: 75, width: 1080}, warnings: {}, webStorageEnabled: false}
at org.openqa.selenium.remote.HttpCommandExecutor.execute(HttpCommandExecutor.java:152)
at org.openqa.selenium.remote.RemoteWebDriver.execute(RemoteWebDriver.java:531)
at org.openqa.selenium.remote.RemoteWebDriver.execute(RemoteWebDriver.java:590)
at org.openqa.selenium.remote.RemoteWebDriver.execute(RemoteWebDriver.java:594)
at org.openqa.selenium.remote.RemoteWebDriver.getCurrentUrl(RemoteWebDriver.java:307)
at io.percy.selenium.Percy.snapshot(Percy.java:149)
at io.percy.selenium.Percy.snapshot(Percy.java:82)
at prodTest.testPodcastsPage(prodTest.java:22)
at java.base/java.util.ArrayList.forEach(ArrayList.java:1511)
at java.base/java.util.concurrent.FutureTask.run(FutureTask.java:264)
at java.base/java.util.concurrent.ThreadPoolExecutor.runWorker(ThreadPoolExecutor.java:1136)
at java.base/java.util.concurrent.ThreadPoolExecutor$Worker.run(ThreadPoolExecutor.java:635)
at java.base/java.lang.Thread.run(Thread.java:833)
... Removed 15 stack frames]]>
    </failure>
  </testcase> <!-- testPodcastsPage -->
</testsuite> <!-- Surefire test-2 -->
