<?xml version="1.0" encoding="UTF-8"?>
<testng-results ignored="0" total="1" passed="1" failed="0" skipped="0">
  <reporter-output>
  </reporter-output>
  <suite started-at="2023-07-24T16:49:51 IST" name="Surefire suite" finished-at="2023-07-24T16:50:03 IST" duration-ms="12007">
    <groups>
    </groups>
    <test started-at="2023-07-24T16:49:51 IST" name="Surefire test" finished-at="2023-07-24T16:50:03 IST" duration-ms="12007">
      <class name="prodTest">
        <test-method signature="testPodcastsPage()[pri:0, instance:prodTest@4eaf3684]" started-at="2023-07-24T16:49:51 IST" name="testPodcastsPage" finished-at="2023-07-24T16:50:03 IST" duration-ms="11936" status="PASS">
          <reporter-output>
          </reporter-output>
        </test-method> <!-- testPodcastsPage -->
      </class> <!-- prodTest -->
    </test> <!-- Surefire test -->
  </suite> <!-- Surefire suite -->
</testng-results>
